09/07/2019 19:02:23 [INFO] > ServerLogger initialization succeed!
09/07/2019 19:02:23 [INFO] > Initializing CommandManager...
09/07/2019 19:02:24 [INFO] > CommandManager initialization succeed!
09/07/2019 19:02:24 [INFO] > Initializing CommandExecutor...
09/07/2019 19:02:25 [INFO] > Starting executor...
09/07/2019 19:02:25 [INFO] > Executor successfully started!
09/07/2019 19:02:26 [INFO] > CommandExecutor initialization succeed!
09/07/2019 19:02:26 [INFO] > Initializing Commands...
09/07/2019 19:02:26 [INFO] > Registering command echo with class class net.meteorr.dev.meteorrcomett.server.commands.EchoCommand...
09/07/2019 19:02:26 [INFO] > Successfully registered command echo with class class net.meteorr.dev.meteorrcomett.server.commands.EchoCommand!
09/07/2019 19:02:26 [INFO] > Registering command listthread with class class net.meteorr.dev.meteorrcomett.server.commands.ListThreadCommand...
09/07/2019 19:02:26 [INFO] > Successfully registered command listthread with class class net.meteorr.dev.meteorrcomett.server.commands.ListThreadCommand!
09/07/2019 19:02:26 [INFO] > Registering command stop with class class net.meteorr.dev.meteorrcomett.server.commands.StopCommand...
09/07/2019 19:02:27 [INFO] > Successfully registered command stop with class class net.meteorr.dev.meteorrcomett.server.commands.StopCommand!
09/07/2019 19:02:28 [INFO] > Commands initialization succeed!
09/07/2019 19:02:28 [INFO] > Initializing TerminalReader...
09/07/2019 19:02:28 [INFO] > Setting terminal reader...
09/07/2019 19:02:28 [INFO] > Terminal reader successfully set!
09/07/2019 19:02:28 [INFO] > Initializing terminal reader...
09/07/2019 19:02:30 [INFO] > Terminal reader successfully initialized!
09/07/2019 19:02:30 [INFO] > Running terminal started.
09/07/2019 19:02:31 [INFO] > TerminalReader initialization succeed!
09/07/2019 19:02:31 [INFO] > You're running the MeteorrComett SERVER
09/07/2019 19:02:32 [INFO] > Please enter 'yes' below if you agree and want to run it or 'no' otherwise.
09/07/2019 19:02:34 [INFO] > The input was not 'yes', running program!
09/07/2019 19:02:42 [DEBUG] > Command input: echo test
09/07/2019 19:02:42 [INFO] > test 
