12/07/2019 01:13:55 [INFO] > ServerLogger initialization succeed!
12/07/2019 01:13:55 [INFO] > Initializing CommandManager...
12/07/2019 01:13:56 [INFO] > CommandManager initialization succeed!
12/07/2019 01:13:56 [INFO] > Initializing CommandExecutor...
12/07/2019 01:13:57 [INFO] > Starting executor...
12/07/2019 01:13:57 [INFO] > Executor successfully started!
12/07/2019 01:13:58 [INFO] > CommandExecutor initialization succeed!
12/07/2019 01:13:58 [INFO] > Initializing Commands...
12/07/2019 01:13:58 [INFO] > Registering command echo with class class net.meteorr.dev.meteorrcomett.server.commands.EchoCommand...
12/07/2019 01:13:58 [INFO] > Successfully registered command echo with class class net.meteorr.dev.meteorrcomett.server.commands.EchoCommand!
12/07/2019 01:13:58 [INFO] > Registering command listthread with class class net.meteorr.dev.meteorrcomett.server.commands.ListThreadCommand...
12/07/2019 01:13:58 [INFO] > Successfully registered command listthread with class class net.meteorr.dev.meteorrcomett.server.commands.ListThreadCommand!
12/07/2019 01:13:58 [INFO] > Registering command stop with class class net.meteorr.dev.meteorrcomett.server.commands.StopCommand...
12/07/2019 01:13:59 [INFO] > Successfully registered command stop with class class net.meteorr.dev.meteorrcomett.server.commands.StopCommand!
12/07/2019 01:14:00 [INFO] > Commands initialization succeed!
12/07/2019 01:14:00 [INFO] > Initializing TerminalReader...
12/07/2019 01:14:00 [INFO] > Setting terminal reader...
12/07/2019 01:14:00 [INFO] > Terminal reader successfully set!
12/07/2019 01:14:00 [INFO] > Initializing terminal reader...
12/07/2019 01:14:02 [INFO] > Terminal reader successfully initialized!
12/07/2019 01:14:02 [INFO] > Running terminal started.
12/07/2019 01:14:03 [INFO] > TerminalReader initialization succeed!
12/07/2019 01:14:03 [INFO] > You're running the MeteorrComett SERVER
12/07/2019 01:14:03 [INFO] > Please enter 'yes' below if you agree and want to run it or 'no' otherwise.
12/07/2019 01:14:06 [INFO] > The input was not 'yes', running program!
