12/07/2019 01:14:29 [INFO] > ServerLogger initialization succeed!
12/07/2019 01:14:29 [INFO] > Initializing CommandManager...
12/07/2019 01:14:30 [INFO] > CommandManager initialization succeed!
12/07/2019 01:14:30 [INFO] > Initializing CommandExecutor...
12/07/2019 01:14:30 [INFO] > Starting executor...
12/07/2019 01:14:30 [INFO] > Executor successfully started!
12/07/2019 01:14:31 [INFO] > CommandExecutor initialization succeed!
12/07/2019 01:14:32 [INFO] > Initializing Commands...
12/07/2019 01:14:32 [INFO] > Registering command echo with class class net.meteorr.dev.meteorrcomett.server.commands.EchoCommand...
12/07/2019 01:14:32 [INFO] > Successfully registered command echo with class class net.meteorr.dev.meteorrcomett.server.commands.EchoCommand!
12/07/2019 01:14:32 [INFO] > Registering command listthread with class class net.meteorr.dev.meteorrcomett.server.commands.ListThreadCommand...
12/07/2019 01:14:32 [INFO] > Successfully registered command listthread with class class net.meteorr.dev.meteorrcomett.server.commands.ListThreadCommand!
12/07/2019 01:14:32 [INFO] > Registering command stop with class class net.meteorr.dev.meteorrcomett.server.commands.StopCommand...
12/07/2019 01:14:32 [INFO] > Successfully registered command stop with class class net.meteorr.dev.meteorrcomett.server.commands.StopCommand!
12/07/2019 01:14:33 [INFO] > Commands initialization succeed!
12/07/2019 01:14:33 [INFO] > Initializing TerminalReader...
12/07/2019 01:14:33 [INFO] > Setting terminal reader...
12/07/2019 01:14:34 [INFO] > Terminal reader successfully set!
12/07/2019 01:14:34 [INFO] > Initializing terminal reader...
12/07/2019 01:14:36 [INFO] > Terminal reader successfully initialized!
12/07/2019 01:14:36 [INFO] > Running terminal started.
12/07/2019 01:14:37 [INFO] > TerminalReader initialization succeed!
12/07/2019 01:14:37 [INFO] > You're running the MeteorrComett SERVER
12/07/2019 01:14:37 [INFO] > Please enter 'yes' below if you agree and want to run it or 'no' otherwise.
12/07/2019 01:14:56 [INFO] > The input was not 'yes', running program!
12/07/2019 01:15:03 [DEBUG] > Command input: stop
12/07/2019 01:15:07 [DEBUG] > Command input: help
12/07/2019 01:15:07 [WARNING] > No command found for : help
12/07/2019 01:15:41 [DEBUG] > Command input: listthread
