12/07/2019 19:43:45 [INFO] > ServerLogger initialization succeed!
12/07/2019 19:43:45 [INFO] > Initializing CommandManager...
12/07/2019 19:43:46 [INFO] > CommandManager initialization succeed!
12/07/2019 19:43:46 [INFO] > Initializing CommandExecutor...
12/07/2019 19:43:46 [INFO] > Starting executor...
12/07/2019 19:43:46 [INFO] > Executor successfully started!
12/07/2019 19:43:47 [INFO] > CommandExecutor initialization succeed!
12/07/2019 19:43:47 [INFO] > Initializing Commands...
12/07/2019 19:43:47 [INFO] > Registering command echo with class class net.meteorr.dev.meteorrcomett.server.commands.EchoCommand...
12/07/2019 19:43:48 [INFO] > Successfully registered command echo with class class net.meteorr.dev.meteorrcomett.server.commands.EchoCommand!
12/07/2019 19:43:48 [INFO] > Registering command listthread with class class net.meteorr.dev.meteorrcomett.server.commands.ListThreadCommand...
12/07/2019 19:43:48 [INFO] > Successfully registered command listthread with class class net.meteorr.dev.meteorrcomett.server.commands.ListThreadCommand!
12/07/2019 19:43:48 [INFO] > Registering command stop with class class net.meteorr.dev.meteorrcomett.server.commands.StopCommand...
12/07/2019 19:43:48 [INFO] > Successfully registered command stop with class class net.meteorr.dev.meteorrcomett.server.commands.StopCommand!
12/07/2019 19:43:49 [INFO] > Commands initialization succeed!
12/07/2019 19:43:49 [INFO] > Initializing TerminalReader...
12/07/2019 19:43:49 [INFO] > Setting terminal reader...
12/07/2019 19:43:49 [INFO] > Terminal reader successfully set!
12/07/2019 19:43:49 [INFO] > Initializing terminal reader...
12/07/2019 19:43:52 [INFO] > Terminal reader successfully initialized!
12/07/2019 19:43:52 [INFO] > Running terminal started.
12/07/2019 19:43:53 [INFO] > TerminalReader initialization succeed!
12/07/2019 19:43:53 [INFO] > You're running the MeteorrComett SERVER
12/07/2019 19:43:53 [INFO] > Please enter 'yes' below if you agree and want to run it or 'no' otherwise.
12/07/2019 19:44:09 [INFO] > The input was not 'yes', running program!
