12/07/2019 19:38:24 [INFO] > ServerLogger initialization succeed!
12/07/2019 19:38:24 [INFO] > Initializing CommandManager...
12/07/2019 19:38:25 [INFO] > CommandManager initialization succeed!
12/07/2019 19:38:25 [INFO] > Initializing CommandExecutor...
12/07/2019 19:38:26 [INFO] > Starting executor...
12/07/2019 19:38:26 [INFO] > Executor successfully started!
12/07/2019 19:38:27 [INFO] > CommandExecutor initialization succeed!
12/07/2019 19:38:27 [INFO] > Initializing Commands...
12/07/2019 19:38:27 [INFO] > Registering command echo with class class net.meteorr.dev.meteorrcomett.server.commands.EchoCommand...
12/07/2019 19:38:27 [INFO] > Successfully registered command echo with class class net.meteorr.dev.meteorrcomett.server.commands.EchoCommand!
12/07/2019 19:38:27 [INFO] > Registering command listthread with class class net.meteorr.dev.meteorrcomett.server.commands.ListThreadCommand...
12/07/2019 19:38:27 [INFO] > Successfully registered command listthread with class class net.meteorr.dev.meteorrcomett.server.commands.ListThreadCommand!
12/07/2019 19:38:27 [INFO] > Registering command stop with class class net.meteorr.dev.meteorrcomett.server.commands.StopCommand...
12/07/2019 19:38:28 [INFO] > Successfully registered command stop with class class net.meteorr.dev.meteorrcomett.server.commands.StopCommand!
12/07/2019 19:38:29 [INFO] > Commands initialization succeed!
12/07/2019 19:38:29 [INFO] > Initializing TerminalReader...
12/07/2019 19:38:29 [INFO] > Setting terminal reader...
12/07/2019 19:38:29 [INFO] > Terminal reader successfully set!
12/07/2019 19:38:29 [INFO] > Initializing terminal reader...
12/07/2019 19:38:31 [INFO] > Running terminal started.
12/07/2019 19:38:31 [INFO] > Terminal reader successfully initialized!
12/07/2019 19:38:32 [INFO] > TerminalReader initialization succeed!
12/07/2019 19:38:32 [INFO] > You're running the MeteorrComett SERVER
12/07/2019 19:38:32 [INFO] > Please enter 'yes' below if you agree and want to run it or 'no' otherwise.
12/07/2019 19:38:35 [INFO] > The input was not 'yes', running program!
12/07/2019 19:38:40 [DEBUG] > Command input: stop
12/07/2019 19:38:44 [DEBUG] > Command input: stop
