12/07/2019 19:42:17 [INFO] > ServerLogger initialization succeed!
12/07/2019 19:42:17 [INFO] > Initializing CommandManager...
12/07/2019 19:42:18 [INFO] > CommandManager initialization succeed!
12/07/2019 19:42:18 [INFO] > Initializing CommandExecutor...
12/07/2019 19:42:18 [INFO] > Starting executor...
12/07/2019 19:42:18 [INFO] > Executor successfully started!
12/07/2019 19:42:19 [INFO] > CommandExecutor initialization succeed!
12/07/2019 19:42:19 [INFO] > Initializing Commands...
12/07/2019 19:42:20 [INFO] > Registering command echo with class class net.meteorr.dev.meteorrcomett.server.commands.EchoCommand...
12/07/2019 19:42:20 [INFO] > Successfully registered command echo with class class net.meteorr.dev.meteorrcomett.server.commands.EchoCommand!
12/07/2019 19:42:20 [INFO] > Registering command listthread with class class net.meteorr.dev.meteorrcomett.server.commands.ListThreadCommand...
12/07/2019 19:42:20 [INFO] > Successfully registered command listthread with class class net.meteorr.dev.meteorrcomett.server.commands.ListThreadCommand!
12/07/2019 19:42:20 [INFO] > Registering command stop with class class net.meteorr.dev.meteorrcomett.server.commands.StopCommand...
12/07/2019 19:42:20 [INFO] > Successfully registered command stop with class class net.meteorr.dev.meteorrcomett.server.commands.StopCommand!
12/07/2019 19:42:21 [INFO] > Commands initialization succeed!
12/07/2019 19:42:21 [INFO] > Initializing TerminalReader...
12/07/2019 19:42:21 [INFO] > Setting terminal reader...
12/07/2019 19:42:22 [INFO] > Terminal reader successfully set!
12/07/2019 19:42:22 [INFO] > Initializing terminal reader...
12/07/2019 19:42:24 [INFO] > Terminal reader successfully initialized!
12/07/2019 19:42:24 [INFO] > Running terminal started.
12/07/2019 19:42:25 [INFO] > TerminalReader initialization succeed!
12/07/2019 19:42:25 [INFO] > You're running the MeteorrComett SERVER
12/07/2019 19:42:25 [INFO] > Please enter 'yes' below if you agree and want to run it or 'no' otherwise.
12/07/2019 19:42:45 [INFO] > The input was not 'yes', running program!
12/07/2019 19:42:52 [DEBUG] > Command input: stop
12/07/2019 19:42:57 [DEBUG] > Command input: help
12/07/2019 19:42:57 [WARNING] > No command found for : help
12/07/2019 19:43:04 [DEBUG] > Command input: listtthread
12/07/2019 19:43:04 [WARNING] > No command found for : listtthread
12/07/2019 19:43:16 [DEBUG] > Command input: listthread
