12/07/2019 19:40:44 [INFO] > ServerLogger initialization succeed!
12/07/2019 19:40:44 [INFO] > Initializing CommandManager...
12/07/2019 19:40:45 [INFO] > CommandManager initialization succeed!
12/07/2019 19:40:45 [INFO] > Initializing CommandExecutor...
12/07/2019 19:40:46 [INFO] > Starting executor...
12/07/2019 19:40:46 [INFO] > Executor successfully started!
12/07/2019 19:40:47 [INFO] > CommandExecutor initialization succeed!
12/07/2019 19:40:47 [INFO] > Initializing Commands...
12/07/2019 19:40:47 [INFO] > Registering command echo with class class net.meteorr.dev.meteorrcomett.server.commands.EchoCommand...
12/07/2019 19:40:47 [INFO] > Successfully registered command echo with class class net.meteorr.dev.meteorrcomett.server.commands.EchoCommand!
12/07/2019 19:40:47 [INFO] > Registering command listthread with class class net.meteorr.dev.meteorrcomett.server.commands.ListThreadCommand...
12/07/2019 19:40:47 [INFO] > Successfully registered command listthread with class class net.meteorr.dev.meteorrcomett.server.commands.ListThreadCommand!
12/07/2019 19:40:47 [INFO] > Registering command stop with class class net.meteorr.dev.meteorrcomett.server.commands.StopCommand...
12/07/2019 19:40:47 [INFO] > Successfully registered command stop with class class net.meteorr.dev.meteorrcomett.server.commands.StopCommand!
12/07/2019 19:40:49 [INFO] > Commands initialization succeed!
12/07/2019 19:40:49 [INFO] > Initializing TerminalReader...
12/07/2019 19:40:49 [INFO] > Setting terminal reader...
12/07/2019 19:40:49 [INFO] > Terminal reader successfully set!
12/07/2019 19:40:49 [INFO] > Initializing terminal reader...
12/07/2019 19:40:51 [INFO] > Terminal reader successfully initialized!
12/07/2019 19:40:51 [INFO] > Running terminal started.
12/07/2019 19:40:52 [INFO] > TerminalReader initialization succeed!
12/07/2019 19:40:52 [INFO] > You're running the MeteorrComett SERVER
12/07/2019 19:40:52 [INFO] > Please enter 'yes' below if you agree and want to run it or 'no' otherwise.
12/07/2019 19:40:54 [INFO] > The input was not 'yes', running program!
12/07/2019 19:41:01 [DEBUG] > Command input: stop
12/07/2019 19:41:04 [DEBUG] > Command input: help
12/07/2019 19:41:04 [WARNING] > No command found for : help
