13/07/2019 01:36:24 [INFO] > ServerLogger initialization succeed!
13/07/2019 01:36:24 [INFO] > Initializing CommandManager...
13/07/2019 01:36:26 [INFO] > CommandManager initialization succeed!
13/07/2019 01:36:26 [INFO] > Initializing CommandExecutor...
13/07/2019 01:36:26 [INFO] > Starting executor...
13/07/2019 01:36:26 [INFO] > Executor successfully started!
13/07/2019 01:36:27 [INFO] > CommandExecutor initialization succeed!
13/07/2019 01:36:27 [INFO] > Initializing Commands...
13/07/2019 01:36:27 [INFO] > Registering command echo with class class net.meteorr.dev.meteorrcomett.server.commands.EchoCommand...
13/07/2019 01:36:27 [INFO] > Successfully registered command echo with class class net.meteorr.dev.meteorrcomett.server.commands.EchoCommand!
13/07/2019 01:36:27 [INFO] > Registering command listthread with class class net.meteorr.dev.meteorrcomett.server.commands.ListThreadCommand...
13/07/2019 01:36:28 [INFO] > Successfully registered command listthread with class class net.meteorr.dev.meteorrcomett.server.commands.ListThreadCommand!
13/07/2019 01:36:28 [INFO] > Registering command stop with class class net.meteorr.dev.meteorrcomett.server.commands.StopCommand...
13/07/2019 01:36:28 [INFO] > Successfully registered command stop with class class net.meteorr.dev.meteorrcomett.server.commands.StopCommand!
13/07/2019 01:36:29 [INFO] > Commands initialization succeed!
13/07/2019 01:36:29 [INFO] > Initializing TerminalReader...
13/07/2019 01:36:29 [INFO] > Setting terminal reader...
13/07/2019 01:36:29 [INFO] > Terminal reader successfully set!
13/07/2019 01:36:29 [INFO] > Initializing terminal reader...
13/07/2019 01:36:31 [INFO] > Terminal reader successfully initialized!
13/07/2019 01:36:31 [INFO] > Running terminal started.
13/07/2019 01:36:32 [INFO] > TerminalReader initialization succeed!
13/07/2019 01:36:33 [INFO] > You're running the MeteorrComett SERVER
13/07/2019 01:36:33 [INFO] > Please enter 'yes' below if you agree and want to run it or 'no' otherwise.
13/07/2019 01:36:36 [INFO] > The input was not 'yes', running program!
13/07/2019 01:36:36 [INFO] > Initializing MessagingLoggerImplementation...
13/07/2019 01:36:38 [INFO] > MessagingLoggerImplementation initialization succeed!
13/07/2019 01:36:38 [INFO] > (Messaging) [id: 0xe6693091] REGISTERED
13/07/2019 01:36:39 [INFO] > (Messaging) [id: 0xe6693091] BIND: 0.0.0.0/0.0.0.0:1192
13/07/2019 01:36:39 [INFO] > (Messaging) [id: 0xe6693091, L:/0:0:0:0:0:0:0:0:1192] ACTIVE
