13/07/2019 01:10:53 [INFO] > ServerLogger initialization succeed!
13/07/2019 01:10:53 [INFO] > Initializing CommandManager...
13/07/2019 01:10:54 [INFO] > CommandManager initialization succeed!
13/07/2019 01:10:54 [INFO] > Initializing CommandExecutor...
13/07/2019 01:10:54 [INFO] > Starting executor...
13/07/2019 01:10:54 [INFO] > Executor successfully started!
13/07/2019 01:10:55 [INFO] > CommandExecutor initialization succeed!
13/07/2019 01:10:55 [INFO] > Initializing Commands...
13/07/2019 01:10:55 [INFO] > Registering command echo with class class net.meteorr.dev.meteorrcomett.server.commands.EchoCommand...
13/07/2019 01:10:55 [INFO] > Successfully registered command echo with class class net.meteorr.dev.meteorrcomett.server.commands.EchoCommand!
13/07/2019 01:10:56 [INFO] > Registering command listthread with class class net.meteorr.dev.meteorrcomett.server.commands.ListThreadCommand...
13/07/2019 01:10:56 [INFO] > Successfully registered command listthread with class class net.meteorr.dev.meteorrcomett.server.commands.ListThreadCommand!
13/07/2019 01:10:56 [INFO] > Registering command stop with class class net.meteorr.dev.meteorrcomett.server.commands.StopCommand...
13/07/2019 01:10:56 [INFO] > Successfully registered command stop with class class net.meteorr.dev.meteorrcomett.server.commands.StopCommand!
13/07/2019 01:10:57 [INFO] > Commands initialization succeed!
13/07/2019 01:10:57 [INFO] > Initializing TerminalReader...
13/07/2019 01:10:57 [INFO] > Setting terminal reader...
13/07/2019 01:10:57 [INFO] > Terminal reader successfully set!
13/07/2019 01:10:57 [INFO] > Initializing terminal reader...
13/07/2019 01:10:59 [INFO] > Running terminal started.
13/07/2019 01:10:59 [INFO] > Terminal reader successfully initialized!
13/07/2019 01:11:01 [INFO] > TerminalReader initialization succeed!
13/07/2019 01:11:01 [INFO] > You're running the MeteorrComett SERVER
13/07/2019 01:11:01 [INFO] > Please enter 'yes' below if you agree and want to run it or 'no' otherwise.
13/07/2019 01:11:13 [INFO] > The input was not 'yes', running program!
