13/07/2019 01:39:06 [INFO] > ServerLogger initialization succeed!
13/07/2019 01:39:06 [INFO] > Initializing CommandManager...
13/07/2019 01:39:07 [INFO] > CommandManager initialization succeed!
13/07/2019 01:39:07 [INFO] > Initializing CommandExecutor...
13/07/2019 01:39:07 [INFO] > Starting executor...
13/07/2019 01:39:07 [INFO] > Executor successfully started!
13/07/2019 01:39:08 [INFO] > CommandExecutor initialization succeed!
13/07/2019 01:39:08 [INFO] > Initializing Commands...
13/07/2019 01:39:08 [INFO] > Registering command echo with class class net.meteorr.dev.meteorrcomett.server.commands.EchoCommand...
13/07/2019 01:39:09 [INFO] > Successfully registered command echo with class class net.meteorr.dev.meteorrcomett.server.commands.EchoCommand!
13/07/2019 01:39:09 [INFO] > Registering command listthread with class class net.meteorr.dev.meteorrcomett.server.commands.ListThreadCommand...
13/07/2019 01:39:09 [INFO] > Successfully registered command listthread with class class net.meteorr.dev.meteorrcomett.server.commands.ListThreadCommand!
13/07/2019 01:39:09 [INFO] > Registering command stop with class class net.meteorr.dev.meteorrcomett.server.commands.StopCommand...
13/07/2019 01:39:09 [INFO] > Successfully registered command stop with class class net.meteorr.dev.meteorrcomett.server.commands.StopCommand!
13/07/2019 01:39:10 [INFO] > Commands initialization succeed!
13/07/2019 01:39:10 [INFO] > Initializing TerminalReader...
13/07/2019 01:39:10 [INFO] > Setting terminal reader...
13/07/2019 01:39:10 [INFO] > Terminal reader successfully set!
13/07/2019 01:39:10 [INFO] > Initializing terminal reader...
13/07/2019 01:39:13 [INFO] > Terminal reader successfully initialized!
13/07/2019 01:39:13 [INFO] > Running terminal started.
13/07/2019 01:39:14 [INFO] > TerminalReader initialization succeed!
13/07/2019 01:39:14 [INFO] > You're running the MeteorrComett SERVER
13/07/2019 01:39:14 [INFO] > Please enter 'yes' below if you agree and want to run it or 'no' otherwise.
13/07/2019 01:39:15 [INFO] > The input was not 'yes', running program!
13/07/2019 01:39:15 [INFO] > Initializing MessagingLoggerImplementation...
13/07/2019 01:39:17 [INFO] > MessagingLoggerImplementation initialization succeed!
13/07/2019 01:39:17 [INFO] > (Messaging) [id: 0xd4725fe8] REGISTERED
13/07/2019 01:39:18 [INFO] > (Messaging) [id: 0xd4725fe8] BIND: 0.0.0.0/0.0.0.0:1192
13/07/2019 01:39:18 [INFO] > (Messaging) [id: 0xd4725fe8, L:/0:0:0:0:0:0:0:0:1192] ACTIVE
