13/07/2019 01:29:46 [INFO] > ServerLogger initialization succeed!
13/07/2019 01:29:46 [INFO] > Initializing CommandManager...
13/07/2019 01:29:47 [INFO] > CommandManager initialization succeed!
13/07/2019 01:29:47 [INFO] > Initializing CommandExecutor...
13/07/2019 01:29:47 [INFO] > Starting executor...
13/07/2019 01:29:47 [INFO] > Executor successfully started!
13/07/2019 01:29:48 [INFO] > CommandExecutor initialization succeed!
13/07/2019 01:29:48 [INFO] > Initializing Commands...
13/07/2019 01:29:48 [INFO] > Registering command echo with class class net.meteorr.dev.meteorrcomett.server.commands.EchoCommand...
13/07/2019 01:29:48 [INFO] > Successfully registered command echo with class class net.meteorr.dev.meteorrcomett.server.commands.EchoCommand!
13/07/2019 01:29:49 [INFO] > Registering command listthread with class class net.meteorr.dev.meteorrcomett.server.commands.ListThreadCommand...
13/07/2019 01:29:49 [INFO] > Successfully registered command listthread with class class net.meteorr.dev.meteorrcomett.server.commands.ListThreadCommand!
13/07/2019 01:29:49 [INFO] > Registering command stop with class class net.meteorr.dev.meteorrcomett.server.commands.StopCommand...
13/07/2019 01:29:49 [INFO] > Successfully registered command stop with class class net.meteorr.dev.meteorrcomett.server.commands.StopCommand!
13/07/2019 01:29:50 [INFO] > Commands initialization succeed!
13/07/2019 01:29:50 [INFO] > Initializing TerminalReader...
13/07/2019 01:29:50 [INFO] > Setting terminal reader...
13/07/2019 01:29:50 [INFO] > Terminal reader successfully set!
13/07/2019 01:29:50 [INFO] > Initializing terminal reader...
13/07/2019 01:29:52 [INFO] > Terminal reader successfully initialized!
13/07/2019 01:29:52 [INFO] > Running terminal started.
13/07/2019 01:29:54 [INFO] > TerminalReader initialization succeed!
13/07/2019 01:29:54 [INFO] > You're running the MeteorrComett SERVER
13/07/2019 01:29:54 [INFO] > Please enter 'yes' below if you agree and want to run it or 'no' otherwise.
13/07/2019 01:29:56 [INFO] > The input was not 'yes', running program!
13/07/2019 01:29:56 [INFO] > Initializing MessagingLoggerImplementation...
13/07/2019 01:29:57 [INFO] > MessagingLoggerImplementation initialization succeed!
13/07/2019 01:29:58 [INFO] > (Messaging) [id: 0x4bc897ac] REGISTERED
13/07/2019 01:29:58 [INFO] > (Messaging) [id: 0x4bc897ac] BIND: 0.0.0.0/0.0.0.0:1192
13/07/2019 01:29:58 [INFO] > (Messaging) [id: 0x4bc897ac, L:/0:0:0:0:0:0:0:0:1192] ACTIVE
