13/07/2019 01:27:55 [INFO] > ServerLogger initialization succeed!
13/07/2019 01:27:56 [INFO] > Initializing CommandManager...
13/07/2019 01:27:57 [INFO] > CommandManager initialization succeed!
13/07/2019 01:27:57 [INFO] > Initializing CommandExecutor...
13/07/2019 01:27:57 [INFO] > Starting executor...
13/07/2019 01:27:57 [INFO] > Executor successfully started!
13/07/2019 01:27:58 [INFO] > CommandExecutor initialization succeed!
13/07/2019 01:27:58 [INFO] > Initializing Commands...
13/07/2019 01:27:58 [INFO] > Registering command echo with class class net.meteorr.dev.meteorrcomett.server.commands.EchoCommand...
13/07/2019 01:27:58 [INFO] > Successfully registered command echo with class class net.meteorr.dev.meteorrcomett.server.commands.EchoCommand!
13/07/2019 01:27:58 [INFO] > Registering command listthread with class class net.meteorr.dev.meteorrcomett.server.commands.ListThreadCommand...
13/07/2019 01:27:59 [INFO] > Successfully registered command listthread with class class net.meteorr.dev.meteorrcomett.server.commands.ListThreadCommand!
13/07/2019 01:27:59 [INFO] > Registering command stop with class class net.meteorr.dev.meteorrcomett.server.commands.StopCommand...
13/07/2019 01:27:59 [INFO] > Successfully registered command stop with class class net.meteorr.dev.meteorrcomett.server.commands.StopCommand!
13/07/2019 01:28:00 [INFO] > Commands initialization succeed!
13/07/2019 01:28:00 [INFO] > Initializing TerminalReader...
13/07/2019 01:28:00 [INFO] > Setting terminal reader...
13/07/2019 01:28:00 [INFO] > Terminal reader successfully set!
13/07/2019 01:28:00 [INFO] > Initializing terminal reader...
13/07/2019 01:28:02 [INFO] > Running terminal started.
13/07/2019 01:28:02 [INFO] > Terminal reader successfully initialized!
13/07/2019 01:28:03 [INFO] > TerminalReader initialization succeed!
13/07/2019 01:28:04 [INFO] > You're running the MeteorrComett SERVER
13/07/2019 01:28:04 [INFO] > Please enter 'yes' below if you agree and want to run it or 'no' otherwise.
13/07/2019 01:28:06 [INFO] > The input was not 'yes', running program!
13/07/2019 01:28:06 [INFO] > Initializing MessagingLoggerImplementation...
13/07/2019 01:28:07 [INFO] > MessagingLoggerImplementation initialization succeed!
13/07/2019 01:28:08 [INFO] > (Messaging) [id: 0x378ea64f] REGISTERED
13/07/2019 01:28:08 [INFO] > (Messaging) [id: 0x378ea64f] BIND: 0.0.0.0/0.0.0.0:1192
13/07/2019 01:28:08 [INFO] > (Messaging) [id: 0x378ea64f, L:/0:0:0:0:0:0:0:0:1192] ACTIVE
