13/07/2019 01:37:44 [INFO] > ServerLogger initialization succeed!
13/07/2019 01:37:44 [INFO] > Initializing CommandManager...
13/07/2019 01:37:45 [INFO] > CommandManager initialization succeed!
13/07/2019 01:37:45 [INFO] > Initializing CommandExecutor...
13/07/2019 01:37:45 [INFO] > Starting executor...
13/07/2019 01:37:45 [INFO] > Executor successfully started!
13/07/2019 01:37:46 [INFO] > CommandExecutor initialization succeed!
13/07/2019 01:37:47 [INFO] > Initializing Commands...
13/07/2019 01:37:47 [INFO] > Registering command echo with class class net.meteorr.dev.meteorrcomett.server.commands.EchoCommand...
13/07/2019 01:37:47 [INFO] > Successfully registered command echo with class class net.meteorr.dev.meteorrcomett.server.commands.EchoCommand!
13/07/2019 01:37:47 [INFO] > Registering command listthread with class class net.meteorr.dev.meteorrcomett.server.commands.ListThreadCommand...
13/07/2019 01:37:47 [INFO] > Successfully registered command listthread with class class net.meteorr.dev.meteorrcomett.server.commands.ListThreadCommand!
13/07/2019 01:37:47 [INFO] > Registering command stop with class class net.meteorr.dev.meteorrcomett.server.commands.StopCommand...
13/07/2019 01:37:47 [INFO] > Successfully registered command stop with class class net.meteorr.dev.meteorrcomett.server.commands.StopCommand!
13/07/2019 01:37:48 [INFO] > Commands initialization succeed!
13/07/2019 01:37:48 [INFO] > Initializing TerminalReader...
13/07/2019 01:37:48 [INFO] > Setting terminal reader...
13/07/2019 01:37:49 [INFO] > Terminal reader successfully set!
13/07/2019 01:37:49 [INFO] > Initializing terminal reader...
13/07/2019 01:37:51 [INFO] > Running terminal started.
13/07/2019 01:37:51 [INFO] > Terminal reader successfully initialized!
13/07/2019 01:37:52 [INFO] > TerminalReader initialization succeed!
13/07/2019 01:37:52 [INFO] > You're running the MeteorrComett SERVER
13/07/2019 01:37:52 [INFO] > Please enter 'yes' below if you agree and want to run it or 'no' otherwise.
