18/07/2019 18:09:02 [INFO] > ServerLogger initialization succeed!
18/07/2019 18:09:02 [INFO] > Initializing CommandManager...
18/07/2019 18:09:03 [INFO] > CommandManager initialization succeed!
18/07/2019 18:09:03 [INFO] > Initializing CommandExecutor...
18/07/2019 18:09:03 [INFO] > Starting executor...
18/07/2019 18:09:03 [INFO] > Executor successfully started!
18/07/2019 18:09:05 [INFO] > CommandExecutor initialization succeed!
18/07/2019 18:09:05 [INFO] > Initializing Commands...
18/07/2019 18:09:05 [INFO] > Registering command echo with class class net.meteorr.dev.meteorrcomett.server.commands.EchoCommand...
18/07/2019 18:09:05 [INFO] > Successfully registered command echo with class class net.meteorr.dev.meteorrcomett.server.commands.EchoCommand!
18/07/2019 18:09:05 [INFO] > Registering command listthread with class class net.meteorr.dev.meteorrcomett.server.commands.ListThreadCommand...
18/07/2019 18:09:05 [INFO] > Successfully registered command listthread with class class net.meteorr.dev.meteorrcomett.server.commands.ListThreadCommand!
18/07/2019 18:09:05 [INFO] > Registering command stop with class class net.meteorr.dev.meteorrcomett.server.commands.StopCommand...
18/07/2019 18:09:05 [INFO] > Successfully registered command stop with class class net.meteorr.dev.meteorrcomett.server.commands.StopCommand!
18/07/2019 18:09:06 [INFO] > Commands initialization succeed!
18/07/2019 18:09:07 [INFO] > Initializing TerminalReader...
18/07/2019 18:09:07 [INFO] > Setting terminal reader...
18/07/2019 18:09:07 [INFO] > Terminal reader successfully set!
18/07/2019 18:09:07 [INFO] > Initializing terminal reader...
18/07/2019 18:09:09 [INFO] > Terminal reader successfully initialized!
18/07/2019 18:09:09 [INFO] > Running terminal started.
18/07/2019 18:09:10 [INFO] > TerminalReader initialization succeed!
18/07/2019 18:09:10 [INFO] > You're running the MeteorrComett SERVER
18/07/2019 18:09:10 [INFO] > Please enter 'yes' below if you agree and want to run it or 'no' otherwise.
18/07/2019 18:09:13 [INFO] > The input was not 'yes', running program!
18/07/2019 18:09:13 [INFO] > Initializing MessagingLoggerImplementation...
18/07/2019 18:09:14 [INFO] > MessagingLoggerImplementation initialization succeed!
18/07/2019 18:09:15 [INFO] > (Messaging) [id: 0x3941cdd9] REGISTERED
18/07/2019 18:09:15 [INFO] > (Messaging) [id: 0x3941cdd9] BIND: 0.0.0.0/0.0.0.0:1192
18/07/2019 18:09:15 [INFO] > (Messaging) [id: 0x3941cdd9, L:/0:0:0:0:0:0:0:0:1192] ACTIVE
