18/07/2019 18:23:47 [INFO] > ServerLogger initialization succeed!
18/07/2019 18:23:47 [INFO] > Initializing CommandManager...
18/07/2019 18:23:48 [INFO] > CommandManager initialization succeed!
18/07/2019 18:23:49 [INFO] > Initializing CommandExecutor...
18/07/2019 18:23:49 [INFO] > Starting executor...
18/07/2019 18:23:49 [INFO] > Executor successfully started!
18/07/2019 18:23:50 [INFO] > CommandExecutor initialization succeed!
18/07/2019 18:23:50 [INFO] > Initializing Commands...
18/07/2019 18:23:50 [INFO] > Registering command echo with class class net.meteorr.dev.meteorrcomett.server.commands.EchoCommand...
18/07/2019 18:23:50 [INFO] > Successfully registered command echo with class class net.meteorr.dev.meteorrcomett.server.commands.EchoCommand!
18/07/2019 18:23:50 [INFO] > Registering command listthread with class class net.meteorr.dev.meteorrcomett.server.commands.ListThreadCommand...
18/07/2019 18:23:50 [INFO] > Successfully registered command listthread with class class net.meteorr.dev.meteorrcomett.server.commands.ListThreadCommand!
18/07/2019 18:23:50 [INFO] > Registering command stop with class class net.meteorr.dev.meteorrcomett.server.commands.StopCommand...
18/07/2019 18:23:51 [INFO] > Successfully registered command stop with class class net.meteorr.dev.meteorrcomett.server.commands.StopCommand!
18/07/2019 18:23:52 [INFO] > Commands initialization succeed!
18/07/2019 18:23:52 [INFO] > Initializing TerminalReader...
18/07/2019 18:23:52 [INFO] > Setting terminal reader...
18/07/2019 18:23:52 [INFO] > Terminal reader successfully set!
18/07/2019 18:23:52 [INFO] > Initializing terminal reader...
18/07/2019 18:23:54 [INFO] > Running terminal started.
18/07/2019 18:23:54 [INFO] > Terminal reader successfully initialized!
18/07/2019 18:23:55 [INFO] > TerminalReader initialization succeed!
18/07/2019 18:23:55 [INFO] > You're running the MeteorrComett SERVER
18/07/2019 18:23:56 [INFO] > Please enter 'yes' below if you agree and want to run it or 'no' otherwise.
18/07/2019 18:23:59 [INFO] > The input was not 'yes', running program!
18/07/2019 18:23:59 [INFO] > Initializing MessagingLoggerImplementation...
18/07/2019 18:24:00 [INFO] > MessagingLoggerImplementation initialization succeed!
18/07/2019 18:24:01 [INFO] > (Messaging) [id: 0xb91b254d] REGISTERED
18/07/2019 18:24:01 [INFO] > (Messaging) [id: 0xb91b254d] BIND: 0.0.0.0/0.0.0.0:1192
18/07/2019 18:24:01 [INFO] > (Messaging) [id: 0xb91b254d] CLOSE
18/07/2019 18:24:01 [INFO] > (Messaging) [id: 0xb91b254d] UNREGISTERED
