18/07/2019 20:08:10 [INFO] > ServerLogger initialization succeed!
18/07/2019 20:08:10 [INFO] > Initializing CommandManager...
18/07/2019 20:08:11 [INFO] > CommandManager initialization succeed!
18/07/2019 20:08:11 [INFO] > Initializing CommandExecutor...
18/07/2019 20:08:11 [INFO] > Starting executor...
18/07/2019 20:08:12 [INFO] > Executor successfully started!
18/07/2019 20:08:13 [INFO] > CommandExecutor initialization succeed!
18/07/2019 20:08:13 [INFO] > Initializing Commands...
18/07/2019 20:08:13 [INFO] > Registering command echo with class class net.meteorr.dev.meteorrcomett.server.commands.EchoCommand...
18/07/2019 20:08:13 [INFO] > Successfully registered command echo with class class net.meteorr.dev.meteorrcomett.server.commands.EchoCommand!
18/07/2019 20:08:13 [INFO] > Registering command listthread with class class net.meteorr.dev.meteorrcomett.server.commands.ListThreadCommand...
18/07/2019 20:08:13 [INFO] > Successfully registered command listthread with class class net.meteorr.dev.meteorrcomett.server.commands.ListThreadCommand!
18/07/2019 20:08:13 [INFO] > Registering command stop with class class net.meteorr.dev.meteorrcomett.server.commands.StopCommand...
18/07/2019 20:08:13 [INFO] > Successfully registered command stop with class class net.meteorr.dev.meteorrcomett.server.commands.StopCommand!
18/07/2019 20:08:14 [INFO] > Commands initialization succeed!
18/07/2019 20:08:15 [INFO] > Initializing TerminalReader...
18/07/2019 20:08:15 [INFO] > Setting terminal reader...
18/07/2019 20:08:15 [INFO] > Terminal reader successfully set!
18/07/2019 20:08:15 [INFO] > Initializing terminal reader...
18/07/2019 20:08:17 [INFO] > Terminal reader successfully initialized!
18/07/2019 20:08:17 [INFO] > Running terminal started.
18/07/2019 20:08:18 [INFO] > TerminalReader initialization succeed!
18/07/2019 20:08:18 [INFO] > You're running the MeteorrComett SERVER
18/07/2019 20:08:18 [INFO] > Please enter 'yes' below if you agree and want to run it or 'no' otherwise.
18/07/2019 20:08:21 [INFO] > The input was not 'yes', running program!
18/07/2019 20:08:21 [INFO] > Initializing MessagingLoggerImplementation...
18/07/2019 20:08:22 [INFO] > MessagingLoggerImplementation initialization succeed!
18/07/2019 20:08:22 [INFO] > Initializing the MessagingServer...
18/07/2019 20:08:22 [INFO] > Getting directory...
18/07/2019 20:08:22 [INFO] > Creating it...
18/07/2019 20:08:22 [INFO] > Created!
18/07/2019 20:08:23 [INFO] > MessagingServer initialized successfully!
