18/07/2019 18:24:26 [INFO] > ServerLogger initialization succeed!
18/07/2019 18:24:26 [INFO] > Initializing CommandManager...
18/07/2019 18:24:27 [INFO] > CommandManager initialization succeed!
18/07/2019 18:24:27 [INFO] > Initializing CommandExecutor...
18/07/2019 18:24:27 [INFO] > Starting executor...
18/07/2019 18:24:27 [INFO] > Executor successfully started!
18/07/2019 18:24:28 [INFO] > CommandExecutor initialization succeed!
18/07/2019 18:24:28 [INFO] > Initializing Commands...
18/07/2019 18:24:29 [INFO] > Registering command echo with class class net.meteorr.dev.meteorrcomett.server.commands.EchoCommand...
18/07/2019 18:24:29 [INFO] > Successfully registered command echo with class class net.meteorr.dev.meteorrcomett.server.commands.EchoCommand!
18/07/2019 18:24:29 [INFO] > Registering command listthread with class class net.meteorr.dev.meteorrcomett.server.commands.ListThreadCommand...
18/07/2019 18:24:29 [INFO] > Successfully registered command listthread with class class net.meteorr.dev.meteorrcomett.server.commands.ListThreadCommand!
18/07/2019 18:24:29 [INFO] > Registering command stop with class class net.meteorr.dev.meteorrcomett.server.commands.StopCommand...
18/07/2019 18:24:29 [INFO] > Successfully registered command stop with class class net.meteorr.dev.meteorrcomett.server.commands.StopCommand!
18/07/2019 18:24:30 [INFO] > Commands initialization succeed!
18/07/2019 18:24:30 [INFO] > Initializing TerminalReader...
18/07/2019 18:24:30 [INFO] > Setting terminal reader...
18/07/2019 18:24:30 [INFO] > Terminal reader successfully set!
18/07/2019 18:24:31 [INFO] > Initializing terminal reader...
18/07/2019 18:24:33 [INFO] > Terminal reader successfully initialized!
18/07/2019 18:24:33 [INFO] > Running terminal started.
18/07/2019 18:24:34 [INFO] > TerminalReader initialization succeed!
18/07/2019 18:24:34 [INFO] > You're running the MeteorrComett SERVER
18/07/2019 18:24:34 [INFO] > Please enter 'yes' below if you agree and want to run it or 'no' otherwise.
18/07/2019 18:24:35 [INFO] > The input was not 'yes', running program!
18/07/2019 18:24:35 [INFO] > Initializing MessagingLoggerImplementation...
18/07/2019 18:24:36 [INFO] > MessagingLoggerImplementation initialization succeed!
18/07/2019 18:24:37 [INFO] > (Messaging) [id: 0x4678e89e] REGISTERED
18/07/2019 18:24:37 [INFO] > (Messaging) [id: 0x4678e89e] BIND: 0.0.0.0/0.0.0.0:1192
18/07/2019 18:24:37 [INFO] > (Messaging) [id: 0x4678e89e] CLOSE
18/07/2019 18:24:37 [INFO] > (Messaging) [id: 0x4678e89e] UNREGISTERED
