19/07/2019 00:11:33 [INFO] > ServerLogger initialization succeed!
19/07/2019 00:11:33 [INFO] > Initializing CommandManager...
19/07/2019 00:11:34 [INFO] > CommandManager initialization succeed!
19/07/2019 00:11:34 [INFO] > Initializing CommandExecutor...
19/07/2019 00:11:34 [INFO] > Starting executor...
19/07/2019 00:11:35 [INFO] > Executor successfully started!
19/07/2019 00:11:36 [INFO] > CommandExecutor initialization succeed!
19/07/2019 00:11:36 [INFO] > Initializing Commands...
19/07/2019 00:11:36 [INFO] > Registering command echo with class class net.meteorr.dev.meteorrcomett.server.commands.EchoCommand...
19/07/2019 00:11:36 [INFO] > Successfully registered command echo with class class net.meteorr.dev.meteorrcomett.server.commands.EchoCommand!
19/07/2019 00:11:36 [INFO] > Registering command listthread with class class net.meteorr.dev.meteorrcomett.server.commands.ListThreadCommand...
19/07/2019 00:11:36 [INFO] > Successfully registered command listthread with class class net.meteorr.dev.meteorrcomett.server.commands.ListThreadCommand!
19/07/2019 00:11:36 [INFO] > Registering command stop with class class net.meteorr.dev.meteorrcomett.server.commands.StopCommand...
19/07/2019 00:11:36 [INFO] > Successfully registered command stop with class class net.meteorr.dev.meteorrcomett.server.commands.StopCommand!
19/07/2019 00:11:37 [INFO] > Commands initialization succeed!
19/07/2019 00:11:38 [INFO] > Initializing TerminalReader...
19/07/2019 00:11:38 [INFO] > Setting terminal reader...
19/07/2019 00:11:38 [INFO] > Terminal reader successfully set!
19/07/2019 00:11:38 [INFO] > Initializing terminal reader...
19/07/2019 00:11:40 [INFO] > Terminal reader successfully initialized!
19/07/2019 00:11:40 [INFO] > Running terminal started.
19/07/2019 00:11:41 [INFO] > TerminalReader initialization succeed!
19/07/2019 00:11:41 [INFO] > You're running the MeteorrComett SERVER
19/07/2019 00:11:41 [INFO] > Please enter 'yes' below if you agree and want to run it or 'no' otherwise.
19/07/2019 00:11:45 [INFO] > The input was not 'yes', running program!
19/07/2019 00:11:45 [INFO] > Initializing MessagingServerLoggerImplementation...
19/07/2019 00:11:47 [INFO] > MessagingServerLoggerImplementation initialization succeed!
19/07/2019 00:11:47 [INFO] > Initializing the MessagingServer...
19/07/2019 00:11:47 [INFO] > Initializing the MessagingServer...
19/07/2019 00:11:47 [INFO] > Getting directory...
19/07/2019 00:11:47 [INFO] > Directory exists!
19/07/2019 00:11:47 [INFO] > Loading config...
19/07/2019 00:11:47 [INFO] > Getting config file...
19/07/2019 00:11:47 [INFO] > Config file doesn't exists, creating it...
19/07/2019 00:11:47 [INFO] > Created!
19/07/2019 00:11:47 [INFO] > Writing default config into the config file...
19/07/2019 00:11:48 [INFO] > Written!
19/07/2019 00:11:48 [INFO] > Config loaded successfully!
19/07/2019 00:11:48 [DEBUG] > [Config info] Hostname: 0.0.0.0
19/07/2019 00:11:48 [DEBUG] > [Config info] Port: 570
19/07/2019 00:11:48 [DEBUG] > [Config info] Ssl: false
19/07/2019 00:11:48 [DEBUG] > [Config info] Code: code
19/07/2019 00:11:48 [DEBUG] > [Config info] Certfile: cert.pem
19/07/2019 00:11:48 [DEBUG] > [Config info] Keyfile: key.pem
19/07/2019 00:11:48 [DEBUG] > [Config info] Passfile: pass
19/07/2019 00:11:49 [INFO] > MessagingServer initialized successfully!
19/07/2019 00:11:49 [INFO] > MessagingServer initialization succeed!
19/07/2019 00:11:49 [INFO] > Sarting the MessagingServer...
19/07/2019 00:11:49 [INFO] > MessagingServer started successfully!
19/07/2019 00:12:42 [DEBUG] > Command input: stop
19/07/2019 00:12:42 [INFO] > Stopping...
19/07/2019 00:12:42 [INFO] > Stopping terminal reader...
19/07/2019 00:12:43 [INFO] > Terminal reader stopped successfully!
19/07/2019 00:12:43 [ERROR] > Exception Occured: null {NullPointerException}
java.lang.NullPointerException
	at net.meteorr.dev.meteorrcomett.server.MeteorrComettServer.stop(MeteorrComettServer.java:185)
	at net.meteorr.dev.meteorrcomett.server.commands.StopCommand.execute(StopCommand.java:21)
	at net.meteorr.dev.meteorrcomett.server.console.command.MeteorrComettServerCommandExecutor.run(CommandExecutor.java:57)

