19/07/2019 00:30:34 [INFO] > MeteorrComettServerLogger initialization succeed!
19/07/2019 00:30:34 [INFO] > Initializing MeteorrComettServerCommandManager...
19/07/2019 00:30:35 [INFO] > MeteorrComettServerCommandManager initialization succeed!
19/07/2019 00:30:35 [INFO] > Initializing MeteorrComettServerCommandExecutor...
19/07/2019 00:30:35 [INFO] > Starting executor...
19/07/2019 00:30:35 [INFO] > Executor successfully started!
19/07/2019 00:30:36 [INFO] > MeteorrComettServerCommandExecutor initialization succeed!
19/07/2019 00:30:36 [INFO] > Initializing MeteorrComettServerCommands...
19/07/2019 00:30:37 [INFO] > Registering command echo with class class net.meteorr.dev.meteorrcomett.server.commands.EchoCommand...
19/07/2019 00:30:37 [INFO] > Successfully registered command echo with class class net.meteorr.dev.meteorrcomett.server.commands.EchoCommand!
19/07/2019 00:30:37 [INFO] > Registering command listthread with class class net.meteorr.dev.meteorrcomett.server.commands.ListThreadCommand...
19/07/2019 00:30:37 [INFO] > Successfully registered command listthread with class class net.meteorr.dev.meteorrcomett.server.commands.ListThreadCommand!
19/07/2019 00:30:37 [INFO] > Registering command stop with class class net.meteorr.dev.meteorrcomett.server.commands.StopCommand...
19/07/2019 00:30:37 [INFO] > Successfully registered command stop with class class net.meteorr.dev.meteorrcomett.server.commands.StopCommand!
19/07/2019 00:30:38 [INFO] > MeteorrComettServerCommands initialization succeed!
19/07/2019 00:30:38 [INFO] > Initializing MeteorrComettServerTerminalReader...
19/07/2019 00:30:38 [INFO] > Setting terminal reader...
19/07/2019 00:30:39 [INFO] > Terminal reader successfully set!
19/07/2019 00:30:39 [INFO] > Initializing terminal reader...
19/07/2019 00:30:41 [INFO] > Running terminal started.
19/07/2019 00:30:41 [INFO] > Terminal reader successfully initialized!
19/07/2019 00:30:42 [INFO] > MeteorrComettServerTerminalReader initialization succeed!
19/07/2019 00:30:42 [INFO] > You're running the MeteorrComett SERVER
19/07/2019 00:30:42 [INFO] > Please enter 'yes' below if you agree and want to run it or 'no' otherwise.
19/07/2019 00:30:43 [INFO] > The input was not 'yes', running program!
19/07/2019 00:30:43 [INFO] > Initializing MeteorrComettServerMessagingServerLoggerImplementation...
19/07/2019 00:30:45 [INFO] > MeteorrComettServerMessagingServerLoggerImplementation initialization succeed!
19/07/2019 00:30:45 [INFO] > Initializing the MessagingServer...
19/07/2019 00:30:45 [INFO] > Initializing the MessagingServer...
19/07/2019 00:30:45 [INFO] > Getting directory...
19/07/2019 00:30:45 [INFO] > Directory exists!
19/07/2019 00:30:45 [INFO] > Loading config...
19/07/2019 00:30:45 [INFO] > Getting config file...
19/07/2019 00:30:45 [INFO] > Config file exists!
19/07/2019 00:30:45 [INFO] > Reading the config file...
19/07/2019 00:30:46 [INFO] > Read!
19/07/2019 00:30:46 [INFO] > Getting config...
19/07/2019 00:30:46 [INFO] > Get!
19/07/2019 00:30:46 [INFO] > Config loaded successfully!
19/07/2019 00:30:46 [DEBUG] > [Config info] Hostname: 0.0.0.0
19/07/2019 00:30:46 [DEBUG] > [Config info] Port: 570
19/07/2019 00:30:46 [DEBUG] > [Config info] Ssl: false
19/07/2019 00:30:46 [DEBUG] > [Config info] Code: null
19/07/2019 00:30:47 [DEBUG] > [Config info] Certfile: null
19/07/2019 00:30:47 [DEBUG] > [Config info] Keyfile: null
19/07/2019 00:30:47 [DEBUG] > [Config info] Passfile: null
19/07/2019 00:30:47 [INFO] > MessagingServer initialized successfully!
19/07/2019 00:30:47 [INFO] > MessagingServer initialization succeed!
19/07/2019 00:30:47 [INFO] > Sarting the MessagingServer...
19/07/2019 00:30:47 [INFO] > MessagingServer started successfully!
