19/07/2019 00:35:21 [INFO] > MeteorrComettServerLogger initialization succeed!
19/07/2019 00:35:21 [INFO] > Initializing MeteorrComettServerCommandManager...
19/07/2019 00:35:22 [INFO] > MeteorrComettServerCommandManager initialization succeed!
19/07/2019 00:35:22 [INFO] > Initializing MeteorrComettServerCommandExecutor...
19/07/2019 00:35:22 [INFO] > Starting executor...
19/07/2019 00:35:22 [INFO] > Executor successfully started!
19/07/2019 00:35:23 [INFO] > MeteorrComettServerCommandExecutor initialization succeed!
19/07/2019 00:35:23 [INFO] > Initializing MeteorrComettServerCommands...
19/07/2019 00:35:23 [INFO] > Registering command echo with class class net.meteorr.dev.meteorrcomett.server.commands.EchoCommand...
19/07/2019 00:35:24 [INFO] > Successfully registered command echo with class class net.meteorr.dev.meteorrcomett.server.commands.EchoCommand!
19/07/2019 00:35:24 [INFO] > Registering command listthread with class class net.meteorr.dev.meteorrcomett.server.commands.ListThreadCommand...
19/07/2019 00:35:24 [INFO] > Successfully registered command listthread with class class net.meteorr.dev.meteorrcomett.server.commands.ListThreadCommand!
19/07/2019 00:35:24 [INFO] > Registering command stop with class class net.meteorr.dev.meteorrcomett.server.commands.StopCommand...
19/07/2019 00:35:24 [INFO] > Successfully registered command stop with class class net.meteorr.dev.meteorrcomett.server.commands.StopCommand!
19/07/2019 00:35:25 [INFO] > MeteorrComettServerCommands initialization succeed!
19/07/2019 00:35:25 [INFO] > Initializing MeteorrComettServerTerminalReader...
19/07/2019 00:35:25 [INFO] > Setting terminal reader...
19/07/2019 00:35:25 [INFO] > Terminal reader successfully set!
19/07/2019 00:35:25 [INFO] > Initializing terminal reader...
19/07/2019 00:35:28 [INFO] > Terminal reader successfully initialized!
19/07/2019 00:35:28 [INFO] > Running terminal started.
19/07/2019 00:35:29 [INFO] > MeteorrComettServerTerminalReader initialization succeed!
19/07/2019 00:35:29 [INFO] > You're running the MeteorrComett SERVER
19/07/2019 00:35:29 [INFO] > Please enter 'yes' below if you agree and want to run it or 'no' otherwise.
19/07/2019 00:35:39 [INFO] > The input was not 'yes', running program!
19/07/2019 00:35:39 [INFO] > Initializing MeteorrComettServerMessagingServerLoggerImplementation...
19/07/2019 00:35:40 [INFO] > MeteorrComettServerMessagingServerLoggerImplementation initialization succeed!
19/07/2019 00:35:40 [INFO] > Initializing the MessagingServer...
19/07/2019 00:35:40 [INFO] > Initializing the MessagingServer...
19/07/2019 00:35:40 [INFO] > Getting directory...
19/07/2019 00:35:40 [INFO] > Directory exists!
19/07/2019 00:35:40 [INFO] > Loading config...
19/07/2019 00:35:40 [INFO] > Getting config file...
19/07/2019 00:35:41 [INFO] > Config file exists!
19/07/2019 00:35:41 [INFO] > Reading the config file...
19/07/2019 00:35:41 [INFO] > Read!
19/07/2019 00:35:41 [INFO] > Getting config...
19/07/2019 00:35:41 [INFO] > Get!
19/07/2019 00:35:41 [INFO] > Config loaded successfully!
19/07/2019 00:35:41 [DEBUG] > [Config info] Hostname: 0.0.0.0
19/07/2019 00:35:41 [DEBUG] > [Config info] Port: 570
19/07/2019 00:35:41 [DEBUG] > [Config info] Ssl: false
19/07/2019 00:35:41 [DEBUG] > [Config info] Code: null
19/07/2019 00:35:42 [DEBUG] > [Config info] Certfile: null
19/07/2019 00:35:42 [DEBUG] > [Config info] Keyfile: null
19/07/2019 00:35:42 [DEBUG] > [Config info] Passfile: null
19/07/2019 00:35:42 [INFO] > MessagingServer initialized successfully!
19/07/2019 00:35:42 [INFO] > MessagingServer initialization succeed!
19/07/2019 00:35:42 [INFO] > Sarting the MessagingServer...
19/07/2019 00:35:42 [INFO] > MessagingServer started successfully!
19/07/2019 00:35:43 [DEBUG] > Command input: yes
19/07/2019 00:35:43 [WARNING] > No command found for : yes
